<?xml version="1.0" encoding="UTF-8"?>
<!-- Generated by org.testng.reporters.JUnitXMLReporter -->
<testsuite ignored="0" hostname="DESKTOP-PU8UPN8" failures="0" tests="10" name="CRM Application Tests" time="244.893" errors="0" timestamp="2023-05-31T21:20:38 IST">
  <testcase classname="com.crm.tests.LoginPageTest" name="verifyLandingPageTitle" time="0.152"/>
  <testcase classname="com.crm.tests.LoginPageTest" name="verifyLogin" time="9.804"/>
  <testcase classname="com.crm.tests.HomePageTest" name="verifyHomePageTitleTest" time="0.011"/>
  <testcase classname="com.crm.tests.HomePageTest" name="verifyLoggedInUser" time="2.539"/>
  <testcase classname="com.crm.tests.HomePageTest" name="verifyClickOnContactsLinkTest" time="2.56"/>
  <testcase classname="com.crm.tests.ContactsPageTest" name="VerifyContactsLabelIsDisplayedTest" time="0.057"/>
  <testcase classname="com.crm.tests.ContactsPageTest" name="verifyContactIsChecked" time="2.236"/>
  <testcase classname="com.crm.tests.ContactsPageTest" name="verifyCreateNewContact" time="3.476"/>
  <testcase classname="com.crm.tests.ContactsPageTest" name="verifyCreateNewContact" time="3.289"/>
  <testcase classname="com.crm.tests.ContactsPageTest" name="verifyCreateNewContact" time="3.373"/>
</testsuite> <!-- CRM Application Tests -->
