<?xml version="1.0" encoding="UTF-8"?>
<!-- Generated by org.testng.reporters.JUnitXMLReporter -->
<testsuite ignored="1" hostname="DESKTOP-PU8UPN8" failures="0" tests="1" name="Default test" time="28.662" errors="0" timestamp="2023-06-01T21:13:17 IST">
  <testcase classname="com.crm.tests.LoginPageTest" name="verifyLandingPageTitle" time="0.019"/>
  <testcase classname="com.crm.tests.LoginPageTest" name="verifyLogin" time="0.0">
    <ignored/>
  </testcase> <!-- verifyLogin -->
</testsuite> <!-- Default test -->
