<?xml version="1.0" encoding="UTF-8"?>
<!-- Generated by org.testng.reporters.JUnitXMLReporter -->
<testsuite ignored="1" hostname="DESKTOP-PU8UPN8" failures="0" tests="1" name="Default test" time="23.939" errors="0" timestamp="2023-06-04T00:25:54 IST">
  <testcase classname="com.crm.tests.LoginPageTest" name="verifyLogin" time="7.77"/>
  <testcase classname="com.crm.tests.LoginPageTest" name="verifyLandingPageTitle" time="0.0">
    <ignored/>
  </testcase> <!-- verifyLandingPageTitle -->
</testsuite> <!-- Default test -->
