<?xml version="1.0" encoding="UTF-8"?>
<testng-results ignored="1" total="2" passed="1" failed="0" skipped="0">
  <reporter-output>
  </reporter-output>
  <suite started-at="2023-06-01T21:12:48 IST" name="Default suite" finished-at="2023-06-01T21:13:17 IST" duration-ms="28662">
    <groups>
    </groups>
    <test started-at="2023-06-01T21:12:48 IST" name="Default test" finished-at="2023-06-01T21:13:17 IST" duration-ms="28662">
      <class name="com.crm.tests.LoginPageTest">
        <test-method is-config="true" signature="setup()[pri:0, instance:com.crm.tests.LoginPageTest@6fd83fc1]" started-at="2023-06-01T21:12:48 IST" name="setup" finished-at="2023-06-01T21:13:16 IST" duration-ms="28227" status="PASS">
          <reporter-output>
          </reporter-output>
        </test-method> <!-- setup -->
        <test-method signature="verifyLandingPageTitle()[pri:1, instance:com.crm.tests.LoginPageTest@6fd83fc1]" started-at="2023-06-01T21:13:16 IST" name="verifyLandingPageTitle" finished-at="2023-06-01T21:13:17 IST" duration-ms="19" status="PASS">
          <reporter-output>
          </reporter-output>
        </test-method> <!-- verifyLandingPageTitle -->
        <test-method is-config="true" signature="tearDown()[pri:0, instance:com.crm.tests.LoginPageTest@6fd83fc1]" started-at="2023-06-01T21:13:17 IST" name="tearDown" finished-at="2023-06-01T21:13:17 IST" duration-ms="371" status="PASS">
          <reporter-output>
          </reporter-output>
        </test-method> <!-- tearDown -->
      </class> <!-- com.crm.tests.LoginPageTest -->
    </test> <!-- Default test -->
  </suite> <!-- Default suite -->
</testng-results>
