<?xml version="1.0" encoding="UTF-8"?>
<testng-results ignored="1" total="2" passed="1" failed="0" skipped="0">
  <reporter-output>
  </reporter-output>
  <suite started-at="2023-06-04T00:25:30 IST" name="Default suite" finished-at="2023-06-04T00:25:54 IST" duration-ms="23939">
    <groups>
    </groups>
    <test started-at="2023-06-04T00:25:30 IST" name="Default test" finished-at="2023-06-04T00:25:54 IST" duration-ms="23939">
      <class name="com.crm.tests.LoginPageTest">
        <test-method is-config="true" signature="setUp()[pri:0, instance:com.crm.tests.LoginPageTest@7188af83]" started-at="2023-06-04T00:25:30 IST" name="setUp" finished-at="2023-06-04T00:25:46 IST" duration-ms="15618" status="PASS">
          <reporter-output>
          </reporter-output>
        </test-method> <!-- setUp -->
        <test-method signature="verifyLogin()[pri:2, instance:com.crm.tests.LoginPageTest@7188af83]" started-at="2023-06-04T00:25:46 IST" name="verifyLogin" finished-at="2023-06-04T00:25:54 IST" duration-ms="7770" status="PASS">
          <reporter-output>
          </reporter-output>
        </test-method> <!-- verifyLogin -->
        <test-method is-config="true" signature="tearDown()[pri:0, instance:com.crm.tests.LoginPageTest@7188af83]" started-at="2023-06-04T00:25:54 IST" name="tearDown" finished-at="2023-06-04T00:25:54 IST" duration-ms="500" status="PASS">
          <reporter-output>
          </reporter-output>
        </test-method> <!-- tearDown -->
      </class> <!-- com.crm.tests.LoginPageTest -->
    </test> <!-- Default test -->
  </suite> <!-- Default suite -->
</testng-results>
