<?xml version="1.0" encoding="UTF-8"?>
<!-- Generated by org.testng.reporters.JUnitXMLReporter -->
<testsuite ignored="1" hostname="DESKTOP-PU8UPN8" failures="1" tests="1" name="CRM Application Tests(failed)" time="13.816" errors="0" timestamp="2023-05-30T16:59:42 IST">
  <testcase classname="com.crm.tests.LoginPageTest" name="verifyLandingPageTitle" time="0.032">
    <failure type="java.lang.AssertionError" message="expected [#1 Free CRM App for every business customer relationship management cloud] but found [Free CRM Software for every business]">
      <![CDATA[java.lang.AssertionError: expected [#1 Free CRM App for every business customer relationship management cloud] but found [Free CRM Software for every business]
at com.crm.tests.LoginPageTest.verifyLandingPageTitle(LoginPageTest.java:40)
at java.base/java.util.ArrayList.forEach(ArrayList.java:1511)
... Removed 33 stack frames]]>
    </failure>
  </testcase> <!-- verifyLandingPageTitle -->
  <testcase classname="com.crm.tests.LoginPageTest" name="verifyLogin" time="0.0">
    <ignored/>
  </testcase> <!-- verifyLogin -->
</testsuite> <!-- CRM Application Tests(failed) -->
